Using pre-set license
Built from '2020.3/staging' branch; Version is '2020.3.13f1 (71691879b7f5) revision 7432472'; Using compiler version '192528614'; Build Type 'Release'
OS: 'Windows 10 Home; OS build 19043.1083; Version 2009; 64bit' Language: 'en' Physical Memory: 12210 MB
BatchMode: 1, IsHumanControllingUs: 0, StartBugReporterOnCrash: 0, Is64bit: 1, IsPro: 0

 COMMAND LINE ARGUMENTS:
C:\Program Files\Unity\Hub\Editor\2020.3.13f1\Editor\Unity.exe
-adb2
-batchMode
-noUpm
-name
AssetImportWorker5
-projectPath
C:/Users/an3ma/Documents/UnityProjects/RacingGame
-logFile
Logs/AssetImportWorker5.log
-srvPort
53646
Successfully changed project path to: C:/Users/an3ma/Documents/UnityProjects/RacingGame
C:/Users/an3ma/Documents/UnityProjects/RacingGame
Using Asset Import Pipeline V2.
