Using pre-set license
Built from '2020.3/release' branch; Version is '2020.3.2f1 (8fd9074bf66c) revision 9427207'; Using compiler version '192528614'; Build Type 'Release'
OS: 'Windows 10 Home; OS build 19041.928; Version 2004; 64bit' Language: 'en' Physical Memory: 12210 MB
BatchMode: 1, IsHumanControllingUs: 0, StartBugReporterOnCrash: 0, Is64bit: 1, IsPro: 0

 COMMAND LINE ARGUMENTS:
C:\Program Files\Unity\Hub\Editor\2020.3.2f1\Editor\Unity.exe
-adb2
-batchMode
-noUpm
-name
AssetImportWorker4
-projectPath
C:/Users/an3ma/Documents/UnityProjects/RacingGame
-logFile
Logs/AssetImportWorker4.log
-srvPort
56640
Successfully changed project path to: C:/Users/an3ma/Documents/UnityProjects/RacingGame
C:/Users/an3ma/Documents/UnityProjects/RacingGame
Using Asset Import Pipeline V2.
Refreshing native plugins compatible for Editor in 210.53 ms, found 0 plugins.
Preloading 0 native plugins for Editor in 0.00 ms.
Initialize engine version: 2020.3.2f1 (8fd9074bf66c)
[Subsystems] Discovering subsystems at path C:/Program Files/Unity/Hub/Editor/2020.3.2f1/Editor/Data/Resources/UnitySubsystems
[Subsystems] Discovering subsystems at path C:/Users/an3ma/Documents/UnityProjects/RacingGame/Assets
GfxDevice: creating device client; threaded=0
Direct3D:
    Version:  Direct3D 11.0 [level 11.0]
    Renderer: NVIDIA GeForce GTX 950M (ID=0x139a)
    Vendor:   
    VRAM:     4055 MB
    Driver:   27.21.14.6172
Shader 'Universal Render Pipeline/Particles/Lit': fallback shader 'Universal Render Pipeline/Particles/SimpleLit' not found
Initialize mono
Mono path[0] = 'C:/Program Files/Unity/Hub/Editor/2020.3.2f1/Editor/Data/Managed'
Mono path[1] = 'C:/Program Files/Unity/Hub/Editor/2020.3.2f1/Editor/Data/MonoBleedingEdge/lib/mono/unityjit'
Mono config path = 'C:/Program Files/Unity/Hub/Editor/2020.3.2f1/Editor/Data/MonoBleedingEdge/etc'
Using monoOptions --debugger-agent=transport=dt_socket,embedding=1,server=y,suspend=n,address=127.0.0.1:56544
Begin MonoManager ReloadAssembly
Registering precompiled unity dll's ...
Register platform support module: C:/Program Files/Unity/Hub/Editor/2020.3.2f1/Editor/Data/PlaybackEngines/WebGLSupport/UnityEditor.WebGL.Extensions.dll
Register platform support module: C:/Program Files/Unity/Hub/Editor/2020.3.2f1/Editor/Data/PlaybackEngines/WindowsStandaloneSupport/UnityEditor.WindowsStandalone.Extensions.dll
Registered in 0.007488 seconds.
Native extension for WindowsStandalone target not found
Native extension for WebGL target not found
Refreshing native plugins compatible for Editor in 178.52 ms, found 0 plugins.
Preloading 0 native plugins for Editor in 0.00 ms.
Invoked RoslynAnalysisRunner static constructor.
RoslynAnalysisRunner will not be running.
RoslynAnalysisRunner has terminated.
Mono: successfully reloaded assembly
- Completed reload, in 10.472 seconds
Platform modules already initialized, skipping
Registering precompiled user dll's ...
Registered in 0.003043 seconds.
Begin MonoManager ReloadAssembly
Native extension for WindowsStandalone target not found
Native extension for WebGL target not found
Refreshing native plugins compatible for Editor in 105.51 ms, found 0 plugins.
Preloading 0 native plugins for Editor in 0.00 ms.
Invoked RoslynAnalysisRunner static constructor.
RoslynAnalysisRunner will not be running.
RoslynAnalysisRunner has terminated.
Mono: successfully reloaded assembly
- Completed reload, in  5.743 seconds
Platform modules already initialized, skipping
========================================================================
Worker process is ready to serve import requests
Shader 'Universal Render Pipeline/Particles/Lit': fallback shader 'Universal Render Pipeline/Particles/SimpleLit' not found
Launched and connected shader compiler UnityShaderCompiler.exe after 0.12 seconds
Refreshing native plugins compatible for Editor in 1.32 ms, found 0 plugins.
Preloading 0 native plugins for Editor in 0.00 ms.
Unloading 2924 Unused Serialized files (Serialized files now loaded: 0)
System memory in use before: 136.3 MB.
System memory in use after: 136.5 MB.

Unloading 13 unused Assets to reduce memory usage. Loaded Objects now: 3373.
Total: 5.817800 ms (FindLiveObjects: 0.658400 ms CreateObjectMapping: 0.394300 ms MarkObjects: 4.626600 ms  DeleteObjects: 0.135400 ms)

========================================================================
Received Import Request.
  path: Assets/Audio/Memes
  artifactKey: Guid(f5260e0048c183c4093315af4803c2e1) Importer(815301076,1909f56bfc062723c751e8b465ee728b)
Start importing Assets/Audio/Memes using Guid(f5260e0048c183c4093315af4803c2e1) Importer(815301076,1909f56bfc062723c751e8b465ee728b)  -> (artifact id: 'd8d4454128601ffbf11eb0e64bb4eaf9') in 0.050156 seconds
  Import took 0.077407 seconds .

========================================================================
Received Import Request.
  Time since last request: 82.716045 seconds.
  path: Assets/Audio/Memes/BreakingCar.ogg
  artifactKey: Guid(6b59de2548412734797e41d65374e116) Importer(815301076,1909f56bfc062723c751e8b465ee728b)
Start importing Assets/Audio/Memes/BreakingCar.ogg using Guid(6b59de2548412734797e41d65374e116) Importer(815301076,1909f56bfc062723c751e8b465ee728b)  -> (artifact id: '1de7af8c80683bedda629b0817a32d94') in 0.808610 seconds
  Import took 0.862970 seconds .

========================================================================
Received Import Request.
  Time since last request: 13.231345 seconds.
  path: Assets/Audio/Memes/SharpRightSamir.ogg
  artifactKey: Guid(640e831eb22fdcc408f15a80ca519578) Importer(815301076,1909f56bfc062723c751e8b465ee728b)
Start importing Assets/Audio/Memes/SharpRightSamir.ogg using Guid(640e831eb22fdcc408f15a80ca519578) Importer(815301076,1909f56bfc062723c751e8b465ee728b)  -> (artifact id: '2b84c04e91988e27d66f4c0ff5e355b9') in 0.039440 seconds
  Import took 0.066637 seconds .

========================================================================
Received Import Request.
  Time since last request: 0.007551 seconds.
  path: Assets/Audio/Memes/SharpRightSamir.ogg
  artifactKey: Guid(640e831eb22fdcc408f15a80ca519578) Importer(815301076,1909f56bfc062723c751e8b465ee728b)
Start importing Assets/Audio/Memes/SharpRightSamir.ogg using Guid(640e831eb22fdcc408f15a80ca519578) Importer(815301076,1909f56bfc062723c751e8b465ee728b)  -> (artifact id: '2b84c04e91988e27d66f4c0ff5e355b9') in 0.047435 seconds
  Import took 0.086426 seconds .

========================================================================
Received Import Request.
  Time since last request: 193.169300 seconds.
  path: Assets/Audio/Memes/BreakingCar.aup
  artifactKey: Guid(e2ae1b84dd1728c4cbab8863d3410304) Importer(815301076,1909f56bfc062723c751e8b465ee728b)
Start importing Assets/Audio/Memes/BreakingCar.aup using Guid(e2ae1b84dd1728c4cbab8863d3410304) Importer(815301076,1909f56bfc062723c751e8b465ee728b)  -> (artifact id: 'c4d46836dc483452b078ad5a4d118d75') in 0.007644 seconds
  Import took 0.015864 seconds .

========================================================================
Received Import Request.
  Time since last request: 85.614562 seconds.
  path: Assets/Audio/Memes/BreakingCar_data
  artifactKey: Guid(546b14efe41482a45a220bb4d2978205) Importer(815301076,1909f56bfc062723c751e8b465ee728b)
Start importing Assets/Audio/Memes/BreakingCar_data using Guid(546b14efe41482a45a220bb4d2978205) Importer(815301076,1909f56bfc062723c751e8b465ee728b)  -> (artifact id: '09047e20c12e9668a0fe30a683750abd') in 0.010887 seconds
  Import took 0.019071 seconds .

========================================================================
Received Import Request.
  Time since last request: 24.071951 seconds.
  path: Assets/Audio/Memes/SamirBreakingCar.wav
  artifactKey: Guid(6bb4bbf6d79eb174294f4e40e31429a4) Importer(815301076,1909f56bfc062723c751e8b465ee728b)
Start importing Assets/Audio/Memes/SamirBreakingCar.wav using Guid(6bb4bbf6d79eb174294f4e40e31429a4) Importer(815301076,1909f56bfc062723c751e8b465ee728b)  -> (artifact id: 'ef2909d9029ddd28d052572977dd2c93') in 0.032704 seconds
  Import took 0.041969 seconds .

========================================================================
Received Import Request.
  Time since last request: 0.008568 seconds.
  path: Assets/Audio/Memes/SamirBreakingCar.wav
  artifactKey: Guid(6bb4bbf6d79eb174294f4e40e31429a4) Importer(815301076,1909f56bfc062723c751e8b465ee728b)
Start importing Assets/Audio/Memes/SamirBreakingCar.wav using Guid(6bb4bbf6d79eb174294f4e40e31429a4) Importer(815301076,1909f56bfc062723c751e8b465ee728b)  -> (artifact id: 'ef2909d9029ddd28d052572977dd2c93') in 0.020211 seconds
  Import took 0.028293 seconds .

========================================================================
Received Import Request.
  Time since last request: 108.176524 seconds.
  path: Assets/Scripts/Memes.cs
  artifactKey: Guid(938cbdce604517b45a301b3824c52c42) Importer(815301076,1909f56bfc062723c751e8b465ee728b)
Start importing Assets/Scripts/Memes.cs using Guid(938cbdce604517b45a301b3824c52c42) Importer(815301076,1909f56bfc062723c751e8b465ee728b)  -> (artifact id: '9d2bea63960cdc4c0e82e5ffafd5ea0d') in 0.024947 seconds
  Import took 0.036651 seconds .

========================================================================
Received Import Request.
  Time since last request: 0.003177 seconds.
  path: Assets/Scripts/Memes.cs
  artifactKey: Guid(938cbdce604517b45a301b3824c52c42) Importer(815301076,1909f56bfc062723c751e8b465ee728b)
Start importing Assets/Scripts/Memes.cs using Guid(938cbdce604517b45a301b3824c52c42) Importer(815301076,1909f56bfc062723c751e8b465ee728b)  -> (artifact id: '9d2bea63960cdc4c0e82e5ffafd5ea0d') in 0.003914 seconds
  Import took 0.011439 seconds .

========================================================================
Received Import Request.
  Time since last request: 35.634305 seconds.
  path: Assets/Scripts/MemeAudio.cs
  artifactKey: Guid(2573ce16f97616349ad76ee313cf288b) Importer(815301076,1909f56bfc062723c751e8b465ee728b)
Start importing Assets/Scripts/MemeAudio.cs using Guid(2573ce16f97616349ad76ee313cf288b) Importer(815301076,1909f56bfc062723c751e8b465ee728b)  -> (artifact id: '9c02e6efb7357c0a4fbee15d6a379323') in 0.013504 seconds
  Import took 0.024494 seconds .

========================================================================
Received Prepare
Registering precompiled user dll's ...
Registered in 0.002360 seconds.
Begin MonoManager ReloadAssembly
Native extension for WindowsStandalone target not found
Native extension for WebGL target not found
Refreshing native plugins compatible for Editor in 0.81 ms, found 0 plugins.
Preloading 0 native plugins for Editor in 0.00 ms.
Invoked RoslynAnalysisRunner static constructor.
RoslynAnalysisRunner will not be running.
RoslynAnalysisRunner has terminated.
Mono: successfully reloaded assembly
- Completed reload, in  1.888 seconds
Platform modules already initialized, skipping
Shader 'Universal Render Pipeline/Particles/Lit': fallback shader 'Universal Render Pipeline/Particles/SimpleLit' not found
Refreshing native plugins compatible for Editor in 0.67 ms, found 0 plugins.
Preloading 0 native plugins for Editor in 0.00 ms.
Unloading 2801 Unused Serialized files (Serialized files now loaded: 0)
System memory in use before: 131.1 MB.
System memory in use after: 131.3 MB.

Unloading 7 unused Assets to reduce memory usage. Loaded Objects now: 3386.
Total: 3.686100 ms (FindLiveObjects: 0.420400 ms CreateObjectMapping: 0.264800 ms MarkObjects: 2.965700 ms  DeleteObjects: 0.032400 ms)

========================================================================
Received Prepare
Registering precompiled user dll's ...
Registered in 0.003582 seconds.
Begin MonoManager ReloadAssembly
Native extension for WindowsStandalone target not found
Native extension for WebGL target not found
Refreshing native plugins compatible for Editor in 0.75 ms, found 0 plugins.
Preloading 0 native plugins for Editor in 0.00 ms.
Invoked RoslynAnalysisRunner static constructor.
RoslynAnalysisRunner will not be running.
RoslynAnalysisRunner has terminated.
Mono: successfully reloaded assembly
- Completed reload, in  1.534 seconds
Platform modules already initialized, skipping
Shader 'Universal Render Pipeline/Particles/Lit': fallback shader 'Universal Render Pipeline/Particles/SimpleLit' not found
Refreshing native plugins compatible for Editor in 0.80 ms, found 0 plugins.
Preloading 0 native plugins for Editor in 0.00 ms.
Unloading 2801 Unused Serialized files (Serialized files now loaded: 0)
System memory in use before: 131.1 MB.
System memory in use after: 131.4 MB.

Unloading 7 unused Assets to reduce memory usage. Loaded Objects now: 3389.
Total: 3.456000 ms (FindLiveObjects: 0.554000 ms CreateObjectMapping: 0.199900 ms MarkObjects: 2.673100 ms  DeleteObjects: 0.026700 ms)

========================================================================
Received Import Request.
  Time since last request: 708.576566 seconds.
  path: Assets/Scripts/Memes.cs
  artifactKey: Guid(938cbdce604517b45a301b3824c52c42) Importer(815301076,1909f56bfc062723c751e8b465ee728b)
Start importing Assets/Scripts/Memes.cs using Guid(938cbdce604517b45a301b3824c52c42) Importer(815301076,1909f56bfc062723c751e8b465ee728b)  -> (artifact id: 'a3987619b39c1e6d8e5d634b8a8bfc80') in 0.008332 seconds
  Import took 0.015640 seconds .

========================================================================
Received Prepare
Registering precompiled user dll's ...
Registered in 0.002328 seconds.
Begin MonoManager ReloadAssembly
Native extension for WindowsStandalone target not found
Native extension for WebGL target not found
Refreshing native plugins compatible for Editor in 0.75 ms, found 0 plugins.
Preloading 0 native plugins for Editor in 0.00 ms.
Invoked RoslynAnalysisRunner static constructor.
RoslynAnalysisRunner will not be running.
RoslynAnalysisRunner has terminated.
Mono: successfully reloaded assembly
- Completed reload, in  3.852 seconds
Platform modules already initialized, skipping
Shader 'Universal Render Pipeline/Particles/Lit': fallback shader 'Universal Render Pipeline/Particles/SimpleLit' not found
